<?xml version="1.0" encoding="UTF-8"?>
<!DOCTYPE coverage SYSTEM "https://raw.githubusercontent.com/cobertura/cobertura/master/cobertura/src/site/htdocs/xml/coverage-04.dtd">
<coverage line-rate="0.529411764705882" branch-rate="0" lines-covered="72" lines-valid="136" branches-covered="0" branches-valid="0" complexity="0" version="3.6.4" timestamp="2024-10-29 10:30:45.395135">
  <sources>
    <source>/Users/user/Documents/Austral/2024/2º cuatrimestre/Programación II/Estudio/goatR</source>
  </sources>
  <packages>
    <package name="goatR" line-rate="0.529411764705882" branch-rate="0" complexity="0">
      <classes>
        <class name="download_datasets.R" filename="R/download_datasets.R" line-rate="1" branch-rate="0" complexity="0">
          <methods>
            <method name="download_datasets" signature="" line-rate="1" branch-rate="0" complexity="0">
              <lines>
                <line number="43" hits="12" branch="false"/>
                <line number="45" hits="12" branch="false"/>
                <line number="46" hits="1" branch="false"/>
                <line number="47" hits="1" branch="false"/>
                <line number="48" hits="1" branch="false"/>
                <line number="49" hits="1" branch="false"/>
                <line number="52" hits="11" branch="false"/>
                <line number="53" hits="1" branch="false"/>
                <line number="56" hits="10" branch="false"/>
                <line number="57" hits="8" branch="false"/>
                <line number="58" hits="8" branch="false"/>
                <line number="60" hits="2" branch="false"/>
                <line number="61" hits="1" branch="false"/>
                <line number="65" hits="9" branch="false"/>
                <line number="66" hits="9" branch="false"/>
                <line number="67" hits="9" branch="false"/>
                <line number="68" hits="8" branch="false"/>
                <line number="69" hits="8" branch="false"/>
                <line number="70" hits="9" branch="false"/>
                <line number="71" hits="9" branch="false"/>
                <line number="72" hits="1" branch="false"/>
                <line number="73" hits="1" branch="false"/>
                <line number="74" hits="9" branch="false"/>
              </lines>
            </method>
          </methods>
          <lines>
            <line number="43" hits="12" branch="false"/>
            <line number="45" hits="12" branch="false"/>
            <line number="46" hits="1" branch="false"/>
            <line number="47" hits="1" branch="false"/>
            <line number="48" hits="1" branch="false"/>
            <line number="49" hits="1" branch="false"/>
            <line number="52" hits="11" branch="false"/>
            <line number="53" hits="1" branch="false"/>
            <line number="56" hits="10" branch="false"/>
            <line number="57" hits="8" branch="false"/>
            <line number="58" hits="8" branch="false"/>
            <line number="60" hits="2" branch="false"/>
            <line number="61" hits="1" branch="false"/>
            <line number="65" hits="9" branch="false"/>
            <line number="66" hits="9" branch="false"/>
            <line number="67" hits="9" branch="false"/>
            <line number="68" hits="8" branch="false"/>
            <line number="69" hits="8" branch="false"/>
            <line number="70" hits="9" branch="false"/>
            <line number="71" hits="9" branch="false"/>
            <line number="72" hits="1" branch="false"/>
            <line number="73" hits="1" branch="false"/>
            <line number="74" hits="9" branch="false"/>
          </lines>
        </class>
        <class name="monthly_precipitation_plot.R" filename="R/monthly_precipitation_plot.R" line-rate="0" branch-rate="0" complexity="0">
          <methods>
            <method name="monthly_precipitation_plot" signature="" line-rate="0" branch-rate="0" complexity="0">
              <lines>
                <line number="16" hits="0" branch="false"/>
                <line number="17" hits="0" branch="false"/>
                <line number="18" hits="0" branch="false"/>
                <line number="21" hits="0" branch="false"/>
                <line number="23" hits="0" branch="false"/>
                <line number="24" hits="0" branch="false"/>
                <line number="25" hits="0" branch="false"/>
                <line number="26" hits="0" branch="false"/>
                <line number="29" hits="0" branch="false"/>
                <line number="30" hits="0" branch="false"/>
                <line number="31" hits="0" branch="false"/>
                <line number="32" hits="0" branch="false"/>
                <line number="36" hits="0" branch="false"/>
                <line number="37" hits="0" branch="false"/>
                <line number="39" hits="0" branch="false"/>
                <line number="40" hits="0" branch="false"/>
                <line number="41" hits="0" branch="false"/>
                <line number="42" hits="0" branch="false"/>
                <line number="44" hits="0" branch="false"/>
                <line number="46" hits="0" branch="false"/>
                <line number="47" hits="0" branch="false"/>
                <line number="48" hits="0" branch="false"/>
                <line number="49" hits="0" branch="false"/>
                <line number="51" hits="0" branch="false"/>
                <line number="52" hits="0" branch="false"/>
                <line number="54" hits="0" branch="false"/>
                <line number="55" hits="0" branch="false"/>
                <line number="56" hits="0" branch="false"/>
                <line number="58" hits="0" branch="false"/>
                <line number="63" hits="0" branch="false"/>
                <line number="64" hits="0" branch="false"/>
                <line number="65" hits="0" branch="false"/>
                <line number="66" hits="0" branch="false"/>
                <line number="67" hits="0" branch="false"/>
                <line number="68" hits="0" branch="false"/>
                <line number="69" hits="0" branch="false"/>
                <line number="70" hits="0" branch="false"/>
                <line number="71" hits="0" branch="false"/>
                <line number="72" hits="0" branch="false"/>
                <line number="73" hits="0" branch="false"/>
                <line number="74" hits="0" branch="false"/>
                <line number="76" hits="0" branch="false"/>
              </lines>
            </method>
          </methods>
          <lines>
            <line number="16" hits="0" branch="false"/>
            <line number="17" hits="0" branch="false"/>
            <line number="18" hits="0" branch="false"/>
            <line number="21" hits="0" branch="false"/>
            <line number="23" hits="0" branch="false"/>
            <line number="24" hits="0" branch="false"/>
            <line number="25" hits="0" branch="false"/>
            <line number="26" hits="0" branch="false"/>
            <line number="29" hits="0" branch="false"/>
            <line number="30" hits="0" branch="false"/>
            <line number="31" hits="0" branch="false"/>
            <line number="32" hits="0" branch="false"/>
            <line number="36" hits="0" branch="false"/>
            <line number="37" hits="0" branch="false"/>
            <line number="39" hits="0" branch="false"/>
            <line number="40" hits="0" branch="false"/>
            <line number="41" hits="0" branch="false"/>
            <line number="42" hits="0" branch="false"/>
            <line number="44" hits="0" branch="false"/>
            <line number="46" hits="0" branch="false"/>
            <line number="47" hits="0" branch="false"/>
            <line number="48" hits="0" branch="false"/>
            <line number="49" hits="0" branch="false"/>
            <line number="51" hits="0" branch="false"/>
            <line number="52" hits="0" branch="false"/>
            <line number="54" hits="0" branch="false"/>
            <line number="55" hits="0" branch="false"/>
            <line number="56" hits="0" branch="false"/>
            <line number="58" hits="0" branch="false"/>
            <line number="63" hits="0" branch="false"/>
            <line number="64" hits="0" branch="false"/>
            <line number="65" hits="0" branch="false"/>
            <line number="66" hits="0" branch="false"/>
            <line number="67" hits="0" branch="false"/>
            <line number="68" hits="0" branch="false"/>
            <line number="69" hits="0" branch="false"/>
            <line number="70" hits="0" branch="false"/>
            <line number="71" hits="0" branch="false"/>
            <line number="72" hits="0" branch="false"/>
            <line number="73" hits="0" branch="false"/>
            <line number="74" hits="0" branch="false"/>
            <line number="76" hits="0" branch="false"/>
          </lines>
        </class>
        <class name="montly_temperature_plot.R" filename="R/montly_temperature_plot.R" line-rate="0.883720930232558" branch-rate="0" complexity="0">
          <methods>
            <method name="monthly_temperature_plot" signature="" line-rate="0.883720930232558" branch-rate="0" complexity="0">
              <lines>
                <line number="56" hits="6" branch="false"/>
                <line number="57" hits="6" branch="false"/>
                <line number="58" hits="1" branch="false"/>
                <line number="60" hits="5" branch="false"/>
                <line number="61" hits="5" branch="false"/>
                <line number="62" hits="5" branch="false"/>
                <line number="63" hits="5" branch="false"/>
                <line number="64" hits="1" branch="false"/>
                <line number="66" hits="4" branch="false"/>
                <line number="67" hits="1" branch="false"/>
                <line number="68" hits="1" branch="false"/>
                <line number="69" hits="0" branch="false"/>
                <line number="72" hits="4" branch="false"/>
                <line number="73" hits="4" branch="false"/>
                <line number="74" hits="4" branch="false"/>
                <line number="75" hits="4" branch="false"/>
                <line number="76" hits="4" branch="false"/>
                <line number="77" hits="4" branch="false"/>
                <line number="78" hits="4" branch="false"/>
                <line number="79" hits="4" branch="false"/>
                <line number="80" hits="3" branch="false"/>
                <line number="81" hits="3" branch="false"/>
                <line number="82" hits="0" branch="false"/>
                <line number="84" hits="3" branch="false"/>
                <line number="85" hits="3" branch="false"/>
                <line number="87" hits="1" branch="false"/>
                <line number="88" hits="0" branch="false"/>
                <line number="89" hits="0" branch="false"/>
                <line number="91" hits="0" branch="false"/>
                <line number="95" hits="4" branch="false"/>
                <line number="96" hits="4" branch="false"/>
                <line number="97" hits="4" branch="false"/>
                <line number="98" hits="4" branch="false"/>
                <line number="99" hits="4" branch="false"/>
                <line number="100" hits="4" branch="false"/>
                <line number="101" hits="4" branch="false"/>
                <line number="102" hits="4" branch="false"/>
                <line number="103" hits="4" branch="false"/>
                <line number="104" hits="4" branch="false"/>
                <line number="105" hits="4" branch="false"/>
                <line number="106" hits="4" branch="false"/>
                <line number="107" hits="4" branch="false"/>
                <line number="108" hits="4" branch="false"/>
              </lines>
            </method>
          </methods>
          <lines>
            <line number="56" hits="6" branch="false"/>
            <line number="57" hits="6" branch="false"/>
            <line number="58" hits="1" branch="false"/>
            <line number="60" hits="5" branch="false"/>
            <line number="61" hits="5" branch="false"/>
            <line number="62" hits="5" branch="false"/>
            <line number="63" hits="5" branch="false"/>
            <line number="64" hits="1" branch="false"/>
            <line number="66" hits="4" branch="false"/>
            <line number="67" hits="1" branch="false"/>
            <line number="68" hits="1" branch="false"/>
            <line number="69" hits="0" branch="false"/>
            <line number="72" hits="4" branch="false"/>
            <line number="73" hits="4" branch="false"/>
            <line number="74" hits="4" branch="false"/>
            <line number="75" hits="4" branch="false"/>
            <line number="76" hits="4" branch="false"/>
            <line number="77" hits="4" branch="false"/>
            <line number="78" hits="4" branch="false"/>
            <line number="79" hits="4" branch="false"/>
            <line number="80" hits="3" branch="false"/>
            <line number="81" hits="3" branch="false"/>
            <line number="82" hits="0" branch="false"/>
            <line number="84" hits="3" branch="false"/>
            <line number="85" hits="3" branch="false"/>
            <line number="87" hits="1" branch="false"/>
            <line number="88" hits="0" branch="false"/>
            <line number="89" hits="0" branch="false"/>
            <line number="91" hits="0" branch="false"/>
            <line number="95" hits="4" branch="false"/>
            <line number="96" hits="4" branch="false"/>
            <line number="97" hits="4" branch="false"/>
            <line number="98" hits="4" branch="false"/>
            <line number="99" hits="4" branch="false"/>
            <line number="100" hits="4" branch="false"/>
            <line number="101" hits="4" branch="false"/>
            <line number="102" hits="4" branch="false"/>
            <line number="103" hits="4" branch="false"/>
            <line number="104" hits="4" branch="false"/>
            <line number="105" hits="4" branch="false"/>
            <line number="106" hits="4" branch="false"/>
            <line number="107" hits="4" branch="false"/>
            <line number="108" hits="4" branch="false"/>
          </lines>
        </class>
        <class name="read_datasets.R" filename="R/read_datasets.R" line-rate="1" branch-rate="0" complexity="0">
          <methods>
            <method name="read_datasets" signature="" line-rate="1" branch-rate="0" complexity="0">
              <lines>
                <line number="39" hits="4" branch="false"/>
                <line number="40" hits="3" branch="false"/>
                <line number="41" hits="1" branch="false"/>
                <line number="45" hits="3" branch="false"/>
                <line number="46" hits="2" branch="false"/>
                <line number="49" hits="3" branch="false"/>
                <line number="50" hits="2" branch="false"/>
                <line number="52" hits="2" branch="false"/>
                <line number="53" hits="1" branch="false"/>
                <line number="56" hits="2" branch="false"/>
                <line number="58" hits="1" branch="false"/>
              </lines>
            </method>
          </methods>
          <lines>
            <line number="39" hits="4" branch="false"/>
            <line number="40" hits="3" branch="false"/>
            <line number="41" hits="1" branch="false"/>
            <line number="45" hits="3" branch="false"/>
            <line number="46" hits="2" branch="false"/>
            <line number="49" hits="3" branch="false"/>
            <line number="50" hits="2" branch="false"/>
            <line number="52" hits="2" branch="false"/>
            <line number="53" hits="1" branch="false"/>
            <line number="56" hits="2" branch="false"/>
            <line number="58" hits="1" branch="false"/>
          </lines>
        </class>
        <class name="temperature_summary_table.R" filename="R/temperature_summary_table.R" line-rate="0" branch-rate="0" complexity="0">
          <methods>
            <method name="temperature_summary_table" signature="" line-rate="0" branch-rate="0" complexity="0">
              <lines>
                <line number="15" hits="0" branch="false"/>
                <line number="17" hits="0" branch="false"/>
                <line number="18" hits="0" branch="false"/>
                <line number="21" hits="0" branch="false"/>
                <line number="23" hits="0" branch="false"/>
                <line number="24" hits="0" branch="false"/>
                <line number="25" hits="0" branch="false"/>
                <line number="26" hits="0" branch="false"/>
                <line number="29" hits="0" branch="false"/>
                <line number="30" hits="0" branch="false"/>
                <line number="31" hits="0" branch="false"/>
                <line number="32" hits="0" branch="false"/>
                <line number="33" hits="0" branch="false"/>
                <line number="34" hits="0" branch="false"/>
                <line number="35" hits="0" branch="false"/>
                <line number="36" hits="0" branch="false"/>
                <line number="37" hits="0" branch="false"/>
              </lines>
            </method>
          </methods>
          <lines>
            <line number="15" hits="0" branch="false"/>
            <line number="17" hits="0" branch="false"/>
            <line number="18" hits="0" branch="false"/>
            <line number="21" hits="0" branch="false"/>
            <line number="23" hits="0" branch="false"/>
            <line number="24" hits="0" branch="false"/>
            <line number="25" hits="0" branch="false"/>
            <line number="26" hits="0" branch="false"/>
            <line number="29" hits="0" branch="false"/>
            <line number="30" hits="0" branch="false"/>
            <line number="31" hits="0" branch="false"/>
            <line number="32" hits="0" branch="false"/>
            <line number="33" hits="0" branch="false"/>
            <line number="34" hits="0" branch="false"/>
            <line number="35" hits="0" branch="false"/>
            <line number="36" hits="0" branch="false"/>
            <line number="37" hits="0" branch="false"/>
          </lines>
        </class>
      </classes>
    </package>
  </packages>
</coverage>
